<?xml version="1.0" encoding="utf-8"?><testsuites name="pytest tests"><testsuite name="pytest" errors="0" failures="0" skipped="0" tests="12" time="40.444" timestamp="2026-03-15T07:04:37.856683+00:00" hostname="agent-env-4f88d822-5f31-4553-8b3f-2b05bd9ed1e1"><testcase classname="backend.tests.test_remember_me_and_ai_analysis.TestRememberMeFeature" name="test_login_without_remember_me_default_expiry" time="0.714" /><testcase classname="backend.tests.test_remember_me_and_ai_analysis.TestRememberMeFeature" name="test_login_with_remember_me_extended_expiry" time="0.673" /><testcase classname="backend.tests.test_remember_me_and_ai_analysis.TestRememberMeFeature" name="test_login_default_behavior_when_remember_me_not_provided" time="0.652" /><testcase classname="backend.tests.test_remember_me_and_ai_analysis.TestRememberMeFeature" name="test_admin_login_with_remember_me" time="1.064" /><testcase classname="backend.tests.test_remember_me_and_ai_analysis.TestAIImageAnalysis" name="test_analyze_empty_classroom_image" time="4.016" /><testcase classname="backend.tests.test_remember_me_and_ai_analysis.TestAIImageAnalysis" name="test_analyze_lecture_hall_with_students" time="4.993" /><testcase classname="backend.tests.test_remember_me_and_ai_analysis.TestAIImageAnalysis" name="test_ai_analysis_returns_meaningful_observations" time="4.251" /><testcase classname="backend.tests.test_remember_me_and_ai_analysis.TestAIImageAnalysis" name="test_analysis_data_persisted_to_database" time="4.444" /><testcase classname="backend.tests.test_remember_me_and_ai_analysis.TestAIImageAnalysis" name="test_cleanliness_score_within_valid_range" time="3.617" /><testcase classname="backend.tests.test_remember_me_and_ai_analysis.TestAIImageAnalysis" name="test_lighting_condition_valid_values" time="3.574" /><testcase classname="backend.tests.test_remember_me_and_ai_analysis.TestAnalyzeEndpointAuthentication" name="test_analyze_endpoint_accessible" time="5.070" /><testcase classname="backend.tests.test_remember_me_and_ai_analysis.TestBatchAnalysis" name="test_batch_analyze_multiple_rooms" time="7.250" /></testsuite></testsuites>