<?xml version="1.0" encoding="utf-8"?><testsuites name="pytest tests"><testsuite name="pytest" errors="0" failures="0" skipped="0" tests="17" time="6.409" timestamp="2026-03-15T06:50:45.191929+00:00" hostname="agent-env-4f88d822-5f31-4553-8b3f-2b05bd9ed1e1"><testcase classname="test_auth.TestHealthCheck" name="test_api_root" time="0.256" /><testcase classname="test_auth.TestUserRegistration" name="test_register_new_user_success" time="0.369" /><testcase classname="test_auth.TestUserRegistration" name="test_register_admin_user_success" time="0.330" /><testcase classname="test_auth.TestUserRegistration" name="test_register_duplicate_email_fails" time="0.431" /><testcase classname="test_auth.TestUserRegistration" name="test_register_short_password_fails" time="0.110" /><testcase classname="test_auth.TestUserRegistration" name="test_register_invalid_email_fails" time="0.148" /><testcase classname="test_auth.TestUserLogin" name="test_login_success" time="0.694" /><testcase classname="test_auth.TestUserLogin" name="test_login_wrong_password_fails" time="0.648" /><testcase classname="test_auth.TestUserLogin" name="test_login_nonexistent_user_fails" time="0.099" /><testcase classname="test_auth.TestTokenValidation" name="test_get_me_with_valid_token" time="0.444" /><testcase classname="test_auth.TestTokenValidation" name="test_get_me_without_token_fails" time="0.099" /><testcase classname="test_auth.TestTokenValidation" name="test_get_me_with_invalid_token_fails" time="0.121" /><testcase classname="test_auth.TestRoleBasedAccess" name="test_admin_can_get_all_users" time="0.436" /><testcase classname="test_auth.TestRoleBasedAccess" name="test_regular_user_cannot_get_all_users" time="0.423" /><testcase classname="test_auth.TestRoleBasedAccess" name="test_admin_can_update_user_role" time="0.879" /><testcase classname="test_auth.TestRoleBasedAccess" name="test_admin_cannot_delete_self" time="0.523" /><testcase classname="test_auth.TestExistingAdminUser" name="test_login_with_provided_admin" time="0.326" /></testsuite></testsuites>